objc[35444]: Class AXEmojiUtilities is implemented in both /Applications/Xcode.app/Contents/Developer/Platforms/iPhoneSimulator.platform/Developer/SDKs/iPhoneSimulator7.1.sdk/System/Library/PrivateFrameworks/AccessibilityUtilities.framework/AccessibilityUtilities and /Applications/Xcode.app/Contents/Developer/Platforms/iPhoneSimulator.platform/Developer/SDKs/iPhoneSimulator7.1.sdk/usr/lib/libAXSpeechManager.dylib. One of the two will be used. Which one is undefined.
2014-09-03 07:39:02.874 Menu For Tourist[35444:70b] Cannot find executable for CFBundle 0xa32e390 </Applications/Xcode.app/Contents/Developer/Platforms/iPhoneSimulator.platform/Developer/SDKs/iPhoneSimulator7.1.sdk/System/Library/AccessibilityBundles/GeoServices.axbundle> (not loaded)
2014-09-03 07:39:04.181 Menu For Tourist[35444:70b] Cannot find executable for CFBundle 0xa25cc80 </Applications/Xcode.app/Contents/Developer/Platforms/iPhoneSimulator.platform/Developer/SDKs/iPhoneSimulator7.1.sdk/System/Library/AccessibilityBundles/CertUIFramework.axbundle> (not loaded)
2014-09-03 07:39:07.100 Menu For Tourist[35444:70b] Multi-tasking -> Device: YES, App: YES
2014-09-03 07:39:09.179 Menu For Tourist[35444:70b] Unlimited access to network resources
2014-09-03 07:39:10.340 Menu For Tourist[35444:70b] 

Started backup to iCloud! Please be careful.
Your application might rejected by Apple if you store too much data.
For more information please read "iOS Data Storage Guidelines"
You could find it at the following address https://developer.apple.com/icloud/documentation/data-storage/ .

2014-09-03 07:39:26.280 Menu For Tourist[35444:70b] Resetting plugins due to page load.
2014-09-03 07:39:29.079 Menu For Tourist[35444:70b] Finished load of: file:///Users/gu/Library/Application%20Support/iPhone%20Simulator/7.1/Applications/A6FB6DBF-1A3E-44E4-8885-B866FE5CDF24/Menu%20For%20TOURIST.app/www/index.html#/
objc[36090]: Class AXEmojiUtilities is implemented in both /Applications/Xcode.app/Contents/Developer/Platforms/iPhoneSimulator.platform/Developer/SDKs/iPhoneSimulator7.1.sdk/System/Library/PrivateFrameworks/AccessibilityUtilities.framework/AccessibilityUtilities and /Applications/Xcode.app/Contents/Developer/Platforms/iPhoneSimulator.platform/Developer/SDKs/iPhoneSimulator7.1.sdk/usr/lib/libAXSpeechManager.dylib. One of the two will be used. Which one is undefined.
2014-09-03 07:48:28.248 Menu For Tourist[36090:70b] Cannot find executable for CFBundle 0xa267f90 </Applications/Xcode.app/Contents/Developer/Platforms/iPhoneSimulator.platform/Developer/SDKs/iPhoneSimulator7.1.sdk/System/Library/AccessibilityBundles/CertUIFramework.axbundle> (not loaded)
2014-09-03 07:48:28.346 Menu For Tourist[36090:70b] Cannot find executable for CFBundle 0xe05eb40 </Applications/Xcode.app/Contents/Developer/Platforms/iPhoneSimulator.platform/Developer/SDKs/iPhoneSimulator7.1.sdk/System/Library/AccessibilityBundles/GeoServices.axbundle> (not loaded)
2014-09-03 07:48:29.830 Menu For Tourist[36090:70b] Multi-tasking -> Device: YES, App: YES
2014-09-03 07:48:30.416 Menu For Tourist[36090:70b] Unlimited access to network resources
2014-09-03 07:48:30.655 Menu For Tourist[36090:70b] 

Started backup to iCloud! Please be careful.
Your application might rejected by Apple if you store too much data.
For more information please read "iOS Data Storage Guidelines"
You could find it at the following address https://developer.apple.com/icloud/documentation/data-storage/ .

2014-09-03 07:48:46.390 Menu For Tourist[36090:70b] Resetting plugins due to page load.
2014-09-03 07:48:55.777 Menu For Tourist[36090:70b] Finished load of: file:///Users/gu/Library/Application%20Support/iPhone%20Simulator/7.1/Applications/A6FB6DBF-1A3E-44E4-8885-B866FE5CDF24/Menu%20For%20TOURIST.app/www/index.html#/
